#
# A fatal error has been detected by the Java Runtime Environment:
#
#  EXCEPTION_ACCESS_VIOLATION (0xc0000005) at pc=0x0000000000000000, pid=14960, tid=7024
#
# JRE version:  (17.0.10+7) (build )
# Java VM: OpenJDK 64-Bit Server VM (17.0.10+7, mixed mode, tiered, compressed oops, compressed class ptrs, g1 gc, windows-amd64)
# Problematic frame:
# C  [java.dll+0xb5db]
#
# No core dump will be written. Minidumps are not enabled by default on client versions of Windows
#
# The crash happened outside the Java Virtual Machine in native code.
# See problematic frame for where to report the bug.
#

---------------  S U M M A R Y ------------

Command Line: -Dfile.encoding=UTF-8 -Dstdout.encoding=UTF-8 -Dstderr.encoding=UTF-8 -XX:+ShowCodeDetailsInExceptionMessages testdemo.demo

Host: Intel(R) Core(TM) i3-7020U CPU @ 2.30GHz, 4 cores, 3G,  Windows 10 , 64 bit Build 19041 (10.0.19041.4842)
Time: Fri Sep 27 16:46:59 2024 India Standard Time elapsed time: 1.519227 seconds (0d 0h 0m 1s)

---------------  T H R E A D  ---------------

Current thread (0x000002998c601300):  JavaThread "main" [_thread_in_native, id=7024, stack(0x000000fccc400000,0x000000fccc500000)]

Stack: [0x000000fccc400000,0x000000fccc500000],  sp=0x000000fccc4fe790,  free space=1017k
Native frames: (J=compiled Java code, j=interpreted, Vv=VM code, C=native code)

Java frames: (J=compiled Java code, j=interpreted, Vv=VM code)
j  jdk.internal.util.SystemProps$Raw.platformProperties()[Ljava/lang/String;+0 java.base
j  jdk.internal.util.SystemProps$Raw.<init>()V+5 java.base
j  jdk.internal.util.SystemProps.initProperties()Ljava/util/Map;+4 java.base
j  java.lang.System.initPhase1()V+3 java.base
v  ~StubRoutines::call_stub

siginfo: EXCEPTION_ACCESS_VIOLATION (0xc0000005), data execution prevention violation at address 0x0000000000000000


Registers:
RAX=0x0000000000000000, RBX=0x0000000000000000, RCX=0x0000000000000000, RDX=0x0000000000004028
RSP=0x000000fccc4fe788, RBP=0x000000fccc4feb00, RSI=0x000000000000000a, RDI=0x00000299a561bf01
R8 =0x0000000000000000, R9 =0x0000000000000000, R10=0x000000fccc4fe200, R11=0x000000fccc4fe6f0
R12=0x0000000000000744, R13=0x00000299a61b8701, R14=0x0000000000000001, R15=0x0000000000004a61
RIP=0x0000000000000000, EFLAGS=0x0000000000010206


Register to memory mapping:

RIP=0x0 is NULL
RAX=0x0 is NULL
RBX=0x0 is NULL
RCX=0x0 is NULL
RDX=0x0000000000004028 is an unknown value
RSP=0x000000fccc4fe788 is pointing into the stack for thread: 0x000002998c601300
RBP=0x000000fccc4feb00 is pointing into the stack for thread: 0x000002998c601300
RSI=0x000000000000000a is an unknown value
RDI=0x00000299a561bf01 points into unknown readable memory: 00 00 00 00 00 00 00
R8 =0x0 is NULL
R9 =0x0 is NULL
R10=0x000000fccc4fe200 is pointing into the stack for thread: 0x000002998c601300
R11=0x000000fccc4fe6f0 is pointing into the stack for thread: 0x000002998c601300
R12=0x0000000000000744 is an unknown value
R13=0x00000299a61b8701 is pointing into metadata
R14=0x0000000000000001 is an unknown value
R15=0x0000000000004a61 is an unknown value


Top of Stack: (sp=0x000000fccc4fe788)
0x000000fccc4fe788:   00007ffce345b5db 0000000000000000
0x000000fccc4fe798:   0000000000004028 0000000000000000
0x000000fccc4fe7a8:   0000000000000000 000000fccc4fe7d0
0x000000fccc4fe7b8:   00007ffcf013b86b 0000000080004005
0x000000fccc4fe7c8:   00000000000000b2 000002998c6becf0
0x000000fccc4fe7d8:   00000299a561bf50 00000000f0230000
0x000000fccc4fe7e8:   0000000000000000 0000000000000000
0x000000fccc4fe7f8:   000002998c371140 000002998c3f8b54
0x000000fccc4fe808:   000002998c370000 000002998c3702a8
0x000000fccc4fe818:   0000000000360034 0000000000000020
0x000000fccc4fe828:   000002998c370cc0 0000000000000000
0x000000fccc4fe838:   0000000000000000 0000000000000000
0x000000fccc4fe848:   0000000000000020 000000000000000e
0x000000fccc4fe858:   0000000000000004 000002998c3f0000
0x000000fccc4fe868:   000000fccc4fe929 0000000000000002
0x000000fccc4fe878:   00007ffcf013b3c7 000002998c370000
0x000000fccc4fe888:   00007ffc00000000 000000000000000e
0x000000fccc4fe898:   0000000000000000 0000000000004a61
0x000000fccc4fe8a8:   00000299a561bf50 0000000200000000
0x000000fccc4fe8b8:   0000000000000000 00007ff7e0e71428
0x000000fccc4fe8c8:   0000000000000000 0000000000100000
0x000000fccc4fe8d8:   0000000000000000 0006000000000002
0x000000fccc4fe8e8:   00007ffcf0161910 0000000004018664
0x000000fccc4fe8f8:   0000c9510000c388 00000299a561bf01
0x000000fccc4fe908:   00007ffced98055b 000000fccc4fe9c0
0x000000fccc4fe918:   00007ffced93c1fe 000029b325ed515c
0x000000fccc4fe928:   0000029900000009 0000000000000000
0x000000fccc4fe938:   00007ffcee0439ce 0002625a00000000
0x000000fccc4fe948:   0000000000000000 0000000000004a61
0x000000fccc4fe958:   0000000000000001 00000299a61b8701
0x000000fccc4fe968:   0000000000000744 000002998c407162
0x000000fccc4fe978:   000000000000000a 0000000000000000 

Instructions: (pc=0x00007ffce345b5db)
0x00007ffce345b4db:   74 61 48 8d 0d d4 c6 00 00 e8 07 a2 00 00 48 8d
0x00007ffce345b4eb:   4c 24 40 48 8b d8 e8 fa a1 00 00 48 03 d8 48 3b
0x00007ffce345b4fb:   de 73 40 48 8d 15 b3 c6 00 00 48 8d 4c 24 40 e8
0x00007ffce345b50b:   e7 a1 00 00 48 8d 15 d2 c3 00 00 48 8d 4c 24 40
0x00007ffce345b51b:   ff 15 e7 af 00 00 48 85 c0 74 18 48 8b c8 ff 15
0x00007ffce345b52b:   f1 af 00 00 48 8d 15 62 c6 00 00 48 8b cf e8 ac
0x00007ffce345b53b:   a1 00 00 48 8b c7 48 8b 8c 24 50 01 00 00 48 33
0x00007ffce345b54b:   cc e8 8f 92 00 00 4c 8d 9c 24 60 01 00 00 49 8b
0x00007ffce345b55b:   5b 18 49 8b 73 20 49 8b e3 5f c3 cc cc 40 53 48
0x00007ffce345b56b:   81 ec 60 02 00 00 48 8b 05 a0 5d 01 00 48 33 c4
0x00007ffce345b57b:   48 89 84 24 50 02 00 00 33 db 48 39 1d 54 5e 01
0x00007ffce345b58b:   00 75 74 4c 8d 0d 4b 5e 01 00 45 33 c0 ba 00 40
0x00007ffce345b59b:   00 00 48 8d 0d fc cd 00 00 e8 0d 8b 00 00 89 44
0x00007ffce345b5ab:   24 30 eb 0b b8 05 40 00 80 89 44 24 30 33 db 85
0x00007ffce345b5bb:   c0 79 44 48 8d 44 24 40 48 89 44 24 20 45 33 c9
0x00007ffce345b5cb:   45 33 c0 ba 28 40 00 00 33 c9 ff 15 7d 5d 01 00
0x00007ffce345b5db:   85 c0 79 09 48 89 1d fa 5d 01 00 eb 1a 66 89 9c
0x00007ffce345b5eb:   24 48 02 00 00 48 8d 4c 24 40 ff 15 b5 af 00 00
0x00007ffce345b5fb:   48 89 05 de 5d 01 00 48 8b 05 d7 5d 01 00 48 8b
0x00007ffce345b60b:   8c 24 50 02 00 00 48 33 cc e8 c7 91 00 00 48 81
0x00007ffce345b61b:   c4 60 02 00 00 5b c3 cc cc 48 89 5c 24 10 48 89
0x00007ffce345b62b:   6c 24 18 48 89 74 24 20 57 48 83 ec 60 48 8b 05
0x00007ffce345b63b:   d9 5c 01 00 48 33 c4 48 89 44 24 58 0f b7 f9 b9
0x00007ffce345b64b:   56 00 00 00 ff 15 3b ae 00 00 48 8b d8 48 85 c0
0x00007ffce345b65b:   0f 84 b5 00 00 00 33 c0 4c 8d 4c 24 40 48 89 44
0x00007ffce345b66b:   24 50 4c 8d 44 24 38 0f 57 c0 48 8d 44 24 50 48
0x00007ffce345b67b:   89 44 24 28 48 8d 54 24 30 48 8d 44 24 48 8b cf
0x00007ffce345b68b:   48 89 44 24 20 0f 11 44 24 30 0f 11 44 24 40 e8
0x00007ffce345b69b:   95 f9 ff ff 48 8b cb 84 c0 74 43 48 8b 54 24 30
0x00007ffce345b6ab:   e8 3a a0 00 00 48 8d 7c 24 38 be 03 00 00 00 48
0x00007ffce345b6bb:   8b 2f 80 7d 00 00 74 1a 48 8d 15 06 c5 00 00 48
0x00007ffce345b6cb:   8b cb e8 24 a0 00 00 48 8b d5 48 8b cb e8 19 a0 


Stack slot to memory mapping:
stack at sp + 0 slots: 0x0 is NULL
stack at sp + 1 slots: 0x0000000000004028 is an unknown value
stack at sp + 2 slots: 0x0 is NULL
stack at sp + 3 slots: 0x0 is NULL
stack at sp + 4 slots: 0x000000fccc4fe7d0 is pointing into the stack for thread: 0x000002998c601300
stack at sp + 5 slots: 0x00007ffcf013b86b ntdll.dll
stack at sp + 6 slots: 0x0000000080004005 is an unknown value
stack at sp + 7 slots: 0x00000000000000b2 is an unknown value


---------------  P R O C E S S  ---------------

Threads class SMR info:
_java_thread_list=0x00000299a560b6c0, length=3, elements={
0x000002998c601300, 0x00000299a560fab0, 0x00000299a5612510
}

Java Threads: ( => current thread )
=>0x000002998c601300 JavaThread "main" [_thread_in_native, id=7024, stack(0x000000fccc400000,0x000000fccc500000)]
  0x00000299a560fab0 JavaThread "Reference Handler" daemon [_thread_blocked, id=5420, stack(0x000000fcccb00000,0x000000fcccc00000)]
  0x00000299a5612510 JavaThread "Finalizer" daemon [_thread_blocked, id=5616, stack(0x000000fcccc00000,0x000000fcccd00000)]

Other Threads:
  0x00000299a55b8c00 VMThread "VM Thread" [stack: 0x000000fccca00000,0x000000fcccb00000] [id=11824]
  0x000002998c63c400 GCTaskThread "GC Thread#0" [stack: 0x000000fccc500000,0x000000fccc600000] [id=15032]
  0x000002998c6466a0 ConcurrentGCThread "G1 Main Marker" [stack: 0x000000fccc600000,0x000000fccc700000] [id=6132]
  0x000002998c646f60 ConcurrentGCThread "G1 Conc#0" [stack: 0x000000fccc700000,0x000000fccc800000] [id=9656]
  0x000002998c69a1c0 ConcurrentGCThread "G1 Refine#0" [stack: 0x000000fccc800000,0x000000fccc900000] [id=13088]
  0x000002998c69c6b0 ConcurrentGCThread "G1 Service" [stack: 0x000000fccc900000,0x000000fccca00000] [id=10620]

Threads with active compile tasks:

VM state: not at safepoint (normal execution)

VM Mutex/Monitor currently owned by a thread: None

Heap address: 0x00000000c1800000, size: 1000 MB, Compressed Oops mode: 32-bit

CDS archive(s) not mapped
Compressed class space mapped at: 0x0000000100000000-0x0000000140000000, reserved size: 1073741824
Narrow klass base: 0x0000000000000000, Narrow klass shift: 3, Narrow klass range: 0x140000000

GC Precious Log:
 CPUs: 4 total, 4 available
 Memory: 3996M
 Large Page Support: Disabled
 NUMA Support: Disabled
 Compressed Oops: Enabled (32-bit)
 Heap Region Size: 1M
 Heap Min Capacity: 8M
 Heap Initial Capacity: 64M
 Heap Max Capacity: 1000M
 Pre-touch: Disabled
 Parallel Workers: 4
 Concurrent Workers: 1
 Concurrent Refinement Workers: 4
 Periodic GC: Disabled

Heap:
 garbage-first heap   total 65536K, used 0K [0x00000000c1800000, 0x0000000100000000)
  region size 1024K, 1 young (1024K), 0 survivors (0K)
 Metaspace       used 1911K, committed 1984K, reserved 1114112K
  class space    used 149K, committed 192K, reserved 1048576K

Heap Regions: E=young(eden), S=young(survivor), O=old, HS=humongous(starts), HC=humongous(continues), CS=collection set, F=free, OA=open archive, CA=closed archive, TAMS=top-at-mark-start (previous, next)
|   0|0x00000000c1800000, 0x00000000c1800000, 0x00000000c1900000|  0%| F|  |TAMS 0x00000000c1800000, 0x00000000c1800000| Untracked 
|   1|0x00000000c1900000, 0x00000000c1900000, 0x00000000c1a00000|  0%| F|  |TAMS 0x00000000c1900000, 0x00000000c1900000| Untracked 
|   2|0x00000000c1a00000, 0x00000000c1a00000, 0x00000000c1b00000|  0%| F|  |TAMS 0x00000000c1a00000, 0x00000000c1a00000| Untracked 
|   3|0x00000000c1b00000, 0x00000000c1b00000, 0x00000000c1c00000|  0%| F|  |TAMS 0x00000000c1b00000, 0x00000000c1b00000| Untracked 
|   4|0x00000000c1c00000, 0x00000000c1c00000, 0x00000000c1d00000|  0%| F|  |TAMS 0x00000000c1c00000, 0x00000000c1c00000| Untracked 
|   5|0x00000000c1d00000, 0x00000000c1d00000, 0x00000000c1e00000|  0%| F|  |TAMS 0x00000000c1d00000, 0x00000000c1d00000| Untracked 
|   6|0x00000000c1e00000, 0x00000000c1e00000, 0x00000000c1f00000|  0%| F|  |TAMS 0x00000000c1e00000, 0x00000000c1e00000| Untracked 
|   7|0x00000000c1f00000, 0x00000000c1f00000, 0x00000000c2000000|  0%| F|  |TAMS 0x00000000c1f00000, 0x00000000c1f00000| Untracked 
|   8|0x00000000c2000000, 0x00000000c2000000, 0x00000000c2100000|  0%| F|  |TAMS 0x00000000c2000000, 0x00000000c2000000| Untracked 
|   9|0x00000000c2100000, 0x00000000c2100000, 0x00000000c2200000|  0%| F|  |TAMS 0x00000000c2100000, 0x00000000c2100000| Untracked 
|  10|0x00000000c2200000, 0x00000000c2200000, 0x00000000c2300000|  0%| F|  |TAMS 0x00000000c2200000, 0x00000000c2200000| Untracked 
|  11|0x00000000c2300000, 0x00000000c2300000, 0x00000000c2400000|  0%| F|  |TAMS 0x00000000c2300000, 0x00000000c2300000| Untracked 
|  12|0x00000000c2400000, 0x00000000c2400000, 0x00000000c2500000|  0%| F|  |TAMS 0x00000000c2400000, 0x00000000c2400000| Untracked 
|  13|0x00000000c2500000, 0x00000000c2500000, 0x00000000c2600000|  0%| F|  |TAMS 0x00000000c2500000, 0x00000000c2500000| Untracked 
|  14|0x00000000c2600000, 0x00000000c2600000, 0x00000000c2700000|  0%| F|  |TAMS 0x00000000c2600000, 0x00000000c2600000| Untracked 
|  15|0x00000000c2700000, 0x00000000c2700000, 0x00000000c2800000|  0%| F|  |TAMS 0x00000000c2700000, 0x00000000c2700000| Untracked 
|  16|0x00000000c2800000, 0x00000000c2800000, 0x00000000c2900000|  0%| F|  |TAMS 0x00000000c2800000, 0x00000000c2800000| Untracked 
|  17|0x00000000c2900000, 0x00000000c2900000, 0x00000000c2a00000|  0%| F|  |TAMS 0x00000000c2900000, 0x00000000c2900000| Untracked 
|  18|0x00000000c2a00000, 0x00000000c2a00000, 0x00000000c2b00000|  0%| F|  |TAMS 0x00000000c2a00000, 0x00000000c2a00000| Untracked 
|  19|0x00000000c2b00000, 0x00000000c2b00000, 0x00000000c2c00000|  0%| F|  |TAMS 0x00000000c2b00000, 0x00000000c2b00000| Untracked 
|  20|0x00000000c2c00000, 0x00000000c2c00000, 0x00000000c2d00000|  0%| F|  |TAMS 0x00000000c2c00000, 0x00000000c2c00000| Untracked 
|  21|0x00000000c2d00000, 0x00000000c2d00000, 0x00000000c2e00000|  0%| F|  |TAMS 0x00000000c2d00000, 0x00000000c2d00000| Untracked 
|  22|0x00000000c2e00000, 0x00000000c2e00000, 0x00000000c2f00000|  0%| F|  |TAMS 0x00000000c2e00000, 0x00000000c2e00000| Untracked 
|  23|0x00000000c2f00000, 0x00000000c2f00000, 0x00000000c3000000|  0%| F|  |TAMS 0x00000000c2f00000, 0x00000000c2f00000| Untracked 
|  24|0x00000000c3000000, 0x00000000c3000000, 0x00000000c3100000|  0%| F|  |TAMS 0x00000000c3000000, 0x00000000c3000000| Untracked 
|  25|0x00000000c3100000, 0x00000000c3100000, 0x00000000c3200000|  0%| F|  |TAMS 0x00000000c3100000, 0x00000000c3100000| Untracked 
|  26|0x00000000c3200000, 0x00000000c3200000, 0x00000000c3300000|  0%| F|  |TAMS 0x00000000c3200000, 0x00000000c3200000| Untracked 
|  27|0x00000000c3300000, 0x00000000c3300000, 0x00000000c3400000|  0%| F|  |TAMS 0x00000000c3300000, 0x00000000c3300000| Untracked 
|  28|0x00000000c3400000, 0x00000000c3400000, 0x00000000c3500000|  0%| F|  |TAMS 0x00000000c3400000, 0x00000000c3400000| Untracked 
|  29|0x00000000c3500000, 0x00000000c3500000, 0x00000000c3600000|  0%| F|  |TAMS 0x00000000c3500000, 0x00000000c3500000| Untracked 
|  30|0x00000000c3600000, 0x00000000c3600000, 0x00000000c3700000|  0%| F|  |TAMS 0x00000000c3600000, 0x00000000c3600000| Untracked 
|  31|0x00000000c3700000, 0x00000000c3700000, 0x00000000c3800000|  0%| F|  |TAMS 0x00000000c3700000, 0x00000000c3700000| Untracked 
|  32|0x00000000c3800000, 0x00000000c3800000, 0x00000000c3900000|  0%| F|  |TAMS 0x00000000c3800000, 0x00000000c3800000| Untracked 
|  33|0x00000000c3900000, 0x00000000c3900000, 0x00000000c3a00000|  0%| F|  |TAMS 0x00000000c3900000, 0x00000000c3900000| Untracked 
|  34|0x00000000c3a00000, 0x00000000c3a00000, 0x00000000c3b00000|  0%| F|  |TAMS 0x00000000c3a00000, 0x00000000c3a00000| Untracked 
|  35|0x00000000c3b00000, 0x00000000c3b00000, 0x00000000c3c00000|  0%| F|  |TAMS 0x00000000c3b00000, 0x00000000c3b00000| Untracked 
|  36|0x00000000c3c00000, 0x00000000c3c00000, 0x00000000c3d00000|  0%| F|  |TAMS 0x00000000c3c00000, 0x00000000c3c00000| Untracked 
|  37|0x00000000c3d00000, 0x00000000c3d00000, 0x00000000c3e00000|  0%| F|  |TAMS 0x00000000c3d00000, 0x00000000c3d00000| Untracked 
|  38|0x00000000c3e00000, 0x00000000c3e00000, 0x00000000c3f00000|  0%| F|  |TAMS 0x00000000c3e00000, 0x00000000c3e00000| Untracked 
|  39|0x00000000c3f00000, 0x00000000c3f00000, 0x00000000c4000000|  0%| F|  |TAMS 0x00000000c3f00000, 0x00000000c3f00000| Untracked 
|  40|0x00000000c4000000, 0x00000000c4000000, 0x00000000c4100000|  0%| F|  |TAMS 0x00000000c4000000, 0x00000000c4000000| Untracked 
|  41|0x00000000c4100000, 0x00000000c4100000, 0x00000000c4200000|  0%| F|  |TAMS 0x00000000c4100000, 0x00000000c4100000| Untracked 
|  42|0x00000000c4200000, 0x00000000c4200000, 0x00000000c4300000|  0%| F|  |TAMS 0x00000000c4200000, 0x00000000c4200000| Untracked 
|  43|0x00000000c4300000, 0x00000000c4300000, 0x00000000c4400000|  0%| F|  |TAMS 0x00000000c4300000, 0x00000000c4300000| Untracked 
|  44|0x00000000c4400000, 0x00000000c4400000, 0x00000000c4500000|  0%| F|  |TAMS 0x00000000c4400000, 0x00000000c4400000| Untracked 
|  45|0x00000000c4500000, 0x00000000c4500000, 0x00000000c4600000|  0%| F|  |TAMS 0x00000000c4500000, 0x00000000c4500000| Untracked 
|  46|0x00000000c4600000, 0x00000000c4600000, 0x00000000c4700000|  0%| F|  |TAMS 0x00000000c4600000, 0x00000000c4600000| Untracked 
|  47|0x00000000c4700000, 0x00000000c4700000, 0x00000000c4800000|  0%| F|  |TAMS 0x00000000c4700000, 0x00000000c4700000| Untracked 
|  48|0x00000000c4800000, 0x00000000c4800000, 0x00000000c4900000|  0%| F|  |TAMS 0x00000000c4800000, 0x00000000c4800000| Untracked 
|  49|0x00000000c4900000, 0x00000000c4900000, 0x00000000c4a00000|  0%| F|  |TAMS 0x00000000c4900000, 0x00000000c4900000| Untracked 
|  50|0x00000000c4a00000, 0x00000000c4a00000, 0x00000000c4b00000|  0%| F|  |TAMS 0x00000000c4a00000, 0x00000000c4a00000| Untracked 
|  51|0x00000000c4b00000, 0x00000000c4b00000, 0x00000000c4c00000|  0%| F|  |TAMS 0x00000000c4b00000, 0x00000000c4b00000| Untracked 
|  52|0x00000000c4c00000, 0x00000000c4c00000, 0x00000000c4d00000|  0%| F|  |TAMS 0x00000000c4c00000, 0x00000000c4c00000| Untracked 
|  53|0x00000000c4d00000, 0x00000000c4d00000, 0x00000000c4e00000|  0%| F|  |TAMS 0x00000000c4d00000, 0x00000000c4d00000| Untracked 
|  54|0x00000000c4e00000, 0x00000000c4e00000, 0x00000000c4f00000|  0%| F|  |TAMS 0x00000000c4e00000, 0x00000000c4e00000| Untracked 
|  55|0x00000000c4f00000, 0x00000000c4f00000, 0x00000000c5000000|  0%| F|  |TAMS 0x00000000c4f00000, 0x00000000c4f00000| Untracked 
|  56|0x00000000c5000000, 0x00000000c5000000, 0x00000000c5100000|  0%| F|  |TAMS 0x00000000c5000000, 0x00000000c5000000| Untracked 
|  57|0x00000000c5100000, 0x00000000c5100000, 0x00000000c5200000|  0%| F|  |TAMS 0x00000000c5100000, 0x00000000c5100000| Untracked 
|  58|0x00000000c5200000, 0x00000000c5200000, 0x00000000c5300000|  0%| F|  |TAMS 0x00000000c5200000, 0x00000000c5200000| Untracked 
|  59|0x00000000c5300000, 0x00000000c5300000, 0x00000000c5400000|  0%| F|  |TAMS 0x00000000c5300000, 0x00000000c5300000| Untracked 
|  60|0x00000000c5400000, 0x00000000c5400000, 0x00000000c5500000|  0%| F|  |TAMS 0x00000000c5400000, 0x00000000c5400000| Untracked 
|  61|0x00000000c5500000, 0x00000000c5500000, 0x00000000c5600000|  0%| F|  |TAMS 0x00000000c5500000, 0x00000000c5500000| Untracked 
|  62|0x00000000c5600000, 0x00000000c5600000, 0x00000000c5700000|  0%| F|  |TAMS 0x00000000c5600000, 0x00000000c5600000| Untracked 
|  63|0x00000000c5700000, 0x00000000c5785318, 0x00000000c5800000| 52%| E|  |TAMS 0x00000000c5700000, 0x00000000c5700000| Complete 

Card table byte_map: [0x00000299a0d00000,0x00000299a0f00000] _byte_map_base: 0x00000299a06f4000

Marking Bits (Prev, Next): (CMBitMap*) 0x000002998c63d8d0, (CMBitMap*) 0x000002998c63d910
 Prev Bits: [0x00000299a1100000, 0x00000299a20a0000)
 Next Bits: [0x00000299a20a0000, 0x00000299a3040000)

Polling page: 0x000002998c3e0000

Metaspace:

Usage:
  Non-class:      1.72 MB used.
      Class:    149.23 KB used.
       Both:      1.87 MB used.

Virtual space:
  Non-class space:       64.00 MB reserved,       1.75 MB (  3%) committed,  1 nodes.
      Class space:        1.00 GB reserved,     192.00 KB ( <1%) committed,  1 nodes.
             Both:        1.06 GB reserved,       1.94 MB ( <1%) committed. 

Chunk freelists:
   Non-Class:  12.00 MB
       Class:  15.75 MB
        Both:  27.75 MB

MaxMetaspaceSize: unlimited
CompressedClassSpaceSize: 1.00 GB
Initial GC threshold: 21.00 MB
Current GC threshold: 17179869184.00 GB
CDS: off
MetaspaceReclaimPolicy: balanced
 - commit_granule_bytes: 65536.
 - commit_granule_words: 8192.
 - virtual_space_node_default_size: 8388608.
 - enlarge_chunks_in_place: 1.
 - new_chunks_are_fully_committed: 0.
 - uncommit_free_chunks: 1.
 - use_allocation_guard: 0.
 - handle_deallocations: 1.


Internal statistics:

num_allocs_failed_limit: 0.
num_arena_births: 2.
num_arena_deaths: 0.
num_vsnodes_births: 2.
num_vsnodes_deaths: 0.
num_space_committed: 31.
num_space_uncommitted: 0.
num_chunks_returned_to_freelist: 0.
num_chunks_taken_from_freelist: 3.
num_chunk_merges: 0.
num_chunk_splits: 2.
num_chunks_enlarged: 0.
num_inconsistent_stats: 0.

CodeHeap 'non-profiled nmethods': size=120000Kb used=0Kb max_used=0Kb free=120000Kb
 bounds [0x0000029998fb0000, 0x0000029999220000, 0x00000299a04e0000]
CodeHeap 'profiled nmethods': size=120000Kb used=0Kb max_used=0Kb free=120000Kb
 bounds [0x00000299914e0000, 0x0000029991750000, 0x0000029998a10000]
CodeHeap 'non-nmethods': size=5760Kb used=363Kb max_used=363Kb free=5396Kb
 bounds [0x0000029998a10000, 0x0000029998c80000, 0x0000029998fb0000]
 total_blobs=151 nmethods=0 adapters=124
 compilation: enabled
              stopped_count=0, restarted_count=0
 full_count=0

Compilation events (0 events):
No events

GC Heap History (0 events):
No events

Dll operation events (1 events):
Event: 0.794 Loaded shared library D:\Selenium_Eclipse\eclipse-java-2024-03-R-win32-x86_64\eclipse\plugins\org.eclipse.justj.openjdk.hotspot.jre.full.win32.x86_64_17.0.10.v20240120-1143\jre\bin\java.dll

Deoptimization events (0 events):
No events

Classes unloaded (0 events):
No events

Classes redefined (0 events):
No events

Internal exceptions (0 events):
No events

VM Operations (0 events):
No events

Events (20 events):
Event: 1.475 loading class java/lang/ref/ReferenceQueue$Lock
Event: 1.475 loading class java/lang/ref/ReferenceQueue$Lock done
Event: 1.475 Thread 0x00000299a560fab0 Thread added: 0x00000299a560fab0
Event: 1.475 loading class java/lang/ref/Reference$1
Event: 1.475 loading class jdk/internal/access/JavaLangRefAccess
Event: 1.475 loading class jdk/internal/access/JavaLangRefAccess done
Event: 1.475 loading class java/lang/ref/Reference$1 done
Event: 1.476 loading class java/lang/ref/Finalizer$FinalizerThread
Event: 1.476 loading class java/lang/ref/Finalizer$FinalizerThread done
Event: 1.476 Thread 0x00000299a5612510 Thread added: 0x00000299a5612510
Event: 1.476 loading class java/lang/System$2
Event: 1.476 loading class jdk/internal/misc/VM
Event: 1.476 loading class jdk/internal/misc/VM done
Event: 1.477 loading class jdk/internal/access/JavaLangAccess
Event: 1.478 loading class jdk/internal/access/JavaLangAccess done
Event: 1.478 loading class java/lang/System$2 done
Event: 1.478 loading class jdk/internal/util/SystemProps
Event: 1.478 loading class jdk/internal/util/SystemProps done
Event: 1.479 loading class jdk/internal/util/SystemProps$Raw
Event: 1.479 loading class jdk/internal/util/SystemProps$Raw done


Dynamic libraries:
0x00007ff7e0e70000 - 0x00007ff7e0e7e000 	D:\Selenium_Eclipse\eclipse-java-2024-03-R-win32-x86_64\eclipse\plugins\org.eclipse.justj.openjdk.hotspot.jre.full.win32.x86_64_17.0.10.v20240120-1143\jre\bin\javaw.exe
0x00007ffcf0110000 - 0x00007ffcf0308000 	C:\Windows\SYSTEM32\ntdll.dll
0x00007ffcee9f0000 - 0x00007ffceeab1000 	C:\Windows\System32\KERNEL32.DLL
0x00007ffced920000 - 0x00007ffcedc1d000 	C:\Windows\System32\KERNELBASE.dll
0x00007ffcee040000 - 0x00007ffcee140000 	C:\Windows\System32\ucrtbase.dll
0x00007ffcdf4f0000 - 0x00007ffcdf50b000 	D:\Selenium_Eclipse\eclipse-java-2024-03-R-win32-x86_64\eclipse\plugins\org.eclipse.justj.openjdk.hotspot.jre.full.win32.x86_64_17.0.10.v20240120-1143\jre\bin\VCRUNTIME140.dll
0x00007ffcdcb70000 - 0x00007ffcdcb87000 	D:\Selenium_Eclipse\eclipse-java-2024-03-R-win32-x86_64\eclipse\plugins\org.eclipse.justj.openjdk.hotspot.jre.full.win32.x86_64_17.0.10.v20240120-1143\jre\bin\jli.dll
0x00007ffcee730000 - 0x00007ffcee8cd000 	C:\Windows\System32\USER32.dll
0x00007ffcede20000 - 0x00007ffcede42000 	C:\Windows\System32\win32u.dll
0x00007ffcd2d80000 - 0x00007ffcd301a000 	C:\Windows\WinSxS\amd64_microsoft.windows.common-controls_6595b64144ccf1df_6.0.19041.4355_none_60b8b9eb71f62e16\COMCTL32.dll
0x00007ffcee3a0000 - 0x00007ffcee3cb000 	C:\Windows\System32\GDI32.dll
0x00007ffcede50000 - 0x00007ffcedf67000 	C:\Windows\System32\gdi32full.dll
0x00007ffcedf70000 - 0x00007ffcee00d000 	C:\Windows\System32\msvcp_win.dll
0x00007ffcef470000 - 0x00007ffcef50e000 	C:\Windows\System32\msvcrt.dll
0x00007ffceec70000 - 0x00007ffceec9f000 	C:\Windows\System32\IMM32.DLL
0x00007ffce3440000 - 0x00007ffce344c000 	D:\Selenium_Eclipse\eclipse-java-2024-03-R-win32-x86_64\eclipse\plugins\org.eclipse.justj.openjdk.hotspot.jre.full.win32.x86_64_17.0.10.v20240120-1143\jre\bin\vcruntime140_1.dll
0x00007ffc97370000 - 0x00007ffc973fd000 	D:\Selenium_Eclipse\eclipse-java-2024-03-R-win32-x86_64\eclipse\plugins\org.eclipse.justj.openjdk.hotspot.jre.full.win32.x86_64_17.0.10.v20240120-1143\jre\bin\msvcp140.dll
0x00007ffcae800000 - 0x00007ffcaf462000 	D:\Selenium_Eclipse\eclipse-java-2024-03-R-win32-x86_64\eclipse\plugins\org.eclipse.justj.openjdk.hotspot.jre.full.win32.x86_64_17.0.10.v20240120-1143\jre\bin\server\jvm.dll
0x00007ffcee430000 - 0x00007ffcee4e0000 	C:\Windows\System32\ADVAPI32.dll
0x00007ffcee950000 - 0x00007ffcee9f0000 	C:\Windows\System32\sechost.dll
0x00007ffcef2e0000 - 0x00007ffcef403000 	C:\Windows\System32\RPCRT4.dll
0x00007ffcee010000 - 0x00007ffcee037000 	C:\Windows\System32\bcrypt.dll
0x00007ffced690000 - 0x00007ffced6db000 	C:\Windows\SYSTEM32\POWRPROF.dll
0x00007ffce77b0000 - 0x00007ffce77b9000 	C:\Windows\SYSTEM32\WSOCK32.dll
0x00007ffcd9170000 - 0x00007ffcd9197000 	C:\Windows\SYSTEM32\WINMM.dll
0x00007ffce4030000 - 0x00007ffce403a000 	C:\Windows\SYSTEM32\VERSION.dll
0x00007ffceed50000 - 0x00007ffceedbb000 	C:\Windows\System32\WS2_32.dll
0x00007ffced600000 - 0x00007ffced612000 	C:\Windows\SYSTEM32\UMPDC.dll
0x00007ffcec030000 - 0x00007ffcec042000 	C:\Windows\SYSTEM32\kernel.appcore.dll
0x00007ffce7190000 - 0x00007ffce719a000 	D:\Selenium_Eclipse\eclipse-java-2024-03-R-win32-x86_64\eclipse\plugins\org.eclipse.justj.openjdk.hotspot.jre.full.win32.x86_64_17.0.10.v20240120-1143\jre\bin\jimage.dll
0x00007ffce83a0000 - 0x00007ffce8584000 	C:\Windows\SYSTEM32\DBGHELP.DLL
0x00007ffcd97a0000 - 0x00007ffcd97d4000 	C:\Windows\SYSTEM32\dbgcore.DLL
0x00007ffcedc90000 - 0x00007ffcedd12000 	C:\Windows\System32\bcryptPrimitives.dll
0x00007ffce3450000 - 0x00007ffce3475000 	D:\Selenium_Eclipse\eclipse-java-2024-03-R-win32-x86_64\eclipse\plugins\org.eclipse.justj.openjdk.hotspot.jre.full.win32.x86_64_17.0.10.v20240120-1143\jre\bin\java.dll
0x00007ffce0e60000 - 0x00007ffce0e78000 	D:\Selenium_Eclipse\eclipse-java-2024-03-R-win32-x86_64\eclipse\plugins\org.eclipse.justj.openjdk.hotspot.jre.full.win32.x86_64_17.0.10.v20240120-1143\jre\bin\zip.dll

dbghelp: loaded successfully - version: 4.0.5 - missing functions: none
symbol engine: initialized successfully - sym options: 0x614 - pdb path: .;D:\Selenium_Eclipse\eclipse-java-2024-03-R-win32-x86_64\eclipse\plugins\org.eclipse.justj.openjdk.hotspot.jre.full.win32.x86_64_17.0.10.v20240120-1143\jre\bin;C:\Windows\SYSTEM32;C:\Windows\WinSxS\amd64_microsoft.windows.common-controls_6595b64144ccf1df_6.0.19041.4355_none_60b8b9eb71f62e16;D:\Selenium_Eclipse\eclipse-java-2024-03-R-win32-x86_64\eclipse\plugins\org.eclipse.justj.openjdk.hotspot.jre.full.win32.x86_64_17.0.10.v20240120-1143\jre\bin\server

VM Arguments:
jvm_args: -Dfile.encoding=UTF-8 -Dstdout.encoding=UTF-8 -Dstderr.encoding=UTF-8 -XX:+ShowCodeDetailsInExceptionMessages 
java_command: testdemo.demo
java_class_path (initial): D:\Selenium_workspace\Testbash\target\classes
Launcher Type: SUN_STANDARD

[Global flags]
     intx CICompilerCount                          = 3                                         {product} {ergonomic}
     uint ConcGCThreads                            = 1                                         {product} {ergonomic}
     uint G1ConcRefinementThreads                  = 4                                         {product} {ergonomic}
   size_t G1HeapRegionSize                         = 1048576                                   {product} {ergonomic}
    uintx GCDrainStackTargetSize                   = 64                                        {product} {ergonomic}
   size_t InitialHeapSize                          = 67108864                                  {product} {ergonomic}
   size_t MarkStackSize                            = 4194304                                   {product} {ergonomic}
   size_t MaxHeapSize                              = 1048576000                                {product} {ergonomic}
   size_t MaxNewSize                               = 629145600                                 {product} {ergonomic}
   size_t MinHeapDeltaBytes                        = 1048576                                   {product} {ergonomic}
   size_t MinHeapSize                              = 8388608                                   {product} {ergonomic}
    uintx NonNMethodCodeHeapSize                   = 5832780                                {pd product} {ergonomic}
    uintx NonProfiledCodeHeapSize                  = 122912730                              {pd product} {ergonomic}
    uintx ProfiledCodeHeapSize                     = 122912730                              {pd product} {ergonomic}
    uintx ReservedCodeCacheSize                    = 251658240                              {pd product} {ergonomic}
     bool SegmentedCodeCache                       = true                                      {product} {ergonomic}
     bool ShowCodeDetailsInExceptionMessages       = true                                   {manageable} {command line}
   size_t SoftMaxHeapSize                          = 1048576000                             {manageable} {ergonomic}
     bool UseCompressedClassPointers               = true                           {product lp64_product} {ergonomic}
     bool UseCompressedOops                        = true                           {product lp64_product} {ergonomic}
     bool UseG1GC                                  = true                                      {product} {ergonomic}
     bool UseLargePagesIndividualAllocation        = false                                  {pd product} {ergonomic}

Logging:
Log output configuration:
 #0: stdout all=warning uptime,level,tags
 #1: stderr all=off uptime,level,tags

Environment Variables:
JAVA_HOME=C:\Program Files\Java\jdk-17
PATH=D:/Selenium_Eclipse/eclipse-java-2024-03-R-win32-x86_64/eclipse//plugins/org.eclipse.justj.openjdk.hotspot.jre.full.win32.x86_64_17.0.10.v20240120-1143/jre/bin/server;D:/Selenium_Eclipse/eclipse-java-2024-03-R-win32-x86_64/eclipse//plugins/org.eclipse.justj.openjdk.hotspot.jre.full.win32.x86_64_17.0.10.v20240120-1143/jre/bin;D:\oracle\product\10.2.0\db_7\bin;C:\Program Files (x86)\VMware\VMware Workstation\bin\;C:\Windows\system32;C:\Windows;C:\Windows\System32\Wbem;C:\Windows\System32\WindowsPowerShell\v1.0\;C:\Windows\System32\OpenSSH\;C:\Program Files\Java\jdk-17\bin;C:\Program Files\MySQL\MySQL Server 5.5\bin;C:\Program Files\nodejs\;C:\Program Files\MySQL\bin;D:\MySQL Datafiles\bin;C:\Program Files\MySQL\MySQL Server 8.0\bin;C:\Users\Administrator\Downloads\apache-maven-3.9.9\bin;C:\Program Files\Git\cmd;C:\Users\Administrator\AppData\Local\Microsoft\WindowsApps;C:\Users\Administrator\AppData\Local\Programs\Microsoft VS Code\bin;C:\Program Files\Java\jdk-17\bin;C:\Users\Administrator\AppData\Roaming\npm;D:\Selenium_Eclipse\eclipse-java-2024-03-R-win32-x86_64\eclipse;
USERNAME=PRATAP
OS=Windows_NT
PROCESSOR_IDENTIFIER=Intel64 Family 6 Model 142 Stepping 9, GenuineIntel
TMP=C:\Users\ADMINI~1\AppData\Local\Temp
TEMP=C:\Users\ADMINI~1\AppData\Local\Temp



Periodic native trim disabled


---------------  S Y S T E M  ---------------

OS:
 Windows 10 , 64 bit Build 19041 (10.0.19041.4842)
OS uptime: 3 days 2:01 hours

CPU: total 4 (initial active 4) (2 cores per cpu, 2 threads per core) family 6 model 142 stepping 9 microcode 0xf4, cx8, cmov, fxsr, ht, mmx, 3dnowpref, sse, sse2, sse3, ssse3, sse4.1, sse4.2, popcnt, lzcnt, tsc, tscinvbit, avx, avx2, aes, erms, clmul, bmi1, bmi2, adx, fma, vzeroupper, clflush, clflushopt
Processor Information for all 4 processors :
  Max Mhz: 2304, Current Mhz: 2304, Mhz Limit: 2304

Memory: 4k page, system-wide physical 3996M (121M free)
TotalPageFile size 12188M (AvailPageFile size 2M)
current process WorkingSet (physical memory assigned to process): 18M, peak: 18M
current process commit charge ("private bytes"): 122M, peak: 122M

vm_info: OpenJDK 64-Bit Server VM (17.0.10+7) for windows-amd64 JRE (17.0.10+7), built on Jan 16 2024 23:25:11 by "admin" with MS VC++ 16.10 / 16.11 (VS2019)

END.
